2017-04-19 16:43:13.820 DEBUG 1255 --- [main] o.s.w.c.s.StandardServletEnvironment     : Adding [servletConfigInitParams] PropertySource with lowest search precedence
2017-04-19 16:43:13.831 DEBUG 1255 --- [main] o.s.w.c.s.StandardServletEnvironment     : Adding [servletContextInitParams] PropertySource with lowest search precedence
2017-04-19 16:43:13.831 DEBUG 1255 --- [main] o.s.w.c.s.StandardServletEnvironment     : Adding [systemProperties] PropertySource with lowest search precedence
2017-04-19 16:43:13.831 DEBUG 1255 --- [main] o.s.w.c.s.StandardServletEnvironment     : Adding [systemEnvironment] PropertySource with lowest search precedence
2017-04-19 16:43:13.831 DEBUG 1255 --- [main] o.s.w.c.s.StandardServletEnvironment     : Initialized StandardServletEnvironment with PropertySources [servletConfigInitParams,servletContextInitParams,systemProperties,systemEnvironment]
2017-04-19 16:43:13.983  INFO 1255 --- [main] com.example.DemoApplication              : Starting DemoApplication on huangleideMacBook-Pro.local with PID 1255 (/Users/huanglei/Documents/IntelliJ/exercise_springboot/target/classes started by huanglei in /Users/huanglei/Documents/IntelliJ/exercise_springboot)
2017-04-19 16:43:13.984  INFO 1255 --- [main] com.example.DemoApplication              : No active profile set, falling back to default profiles: default
2017-04-19 16:43:14.129  INFO 1255 --- [main] ationConfigEmbeddedWebApplicationContext : Refreshing org.springframework.boot.context.embedded.AnnotationConfigEmbeddedWebApplicationContext@146044d7: startup date [Wed Apr 19 16:43:14 CST 2017]; root of context hierarchy
2017-04-19 16:43:15.356 DEBUG 1255 --- [main] o.s.w.c.s.StandardServletEnvironment     : Adding [applicationConfig: [classpath:/application.properties]] PropertySource with search precedence immediately lower than [applicationConfigurationProperties]
2017-04-19 16:43:15.357 DEBUG 1255 --- [main] o.s.w.c.s.StandardServletEnvironment     : Removing [applicationConfigurationProperties] PropertySource
2017-04-19 16:43:15.357 DEBUG 1255 --- [main] o.s.w.c.s.StandardServletEnvironment     : Removing [defaultProperties] PropertySource
2017-04-19 16:43:15.829  INFO 1255 --- [main] s.b.c.e.t.TomcatEmbeddedServletContainer : Tomcat initialized with port(s): 8080 (http)
2017-04-19 16:43:15.841  INFO 1255 --- [main] o.apache.catalina.core.StandardService   : Starting service Tomcat
2017-04-19 16:43:15.842  INFO 1255 --- [main] org.apache.catalina.core.StandardEngine  : Starting Servlet Engine: Apache Tomcat/8.5.11
2017-04-19 16:43:15.959  INFO 1255 --- [localhost-startStop-1] o.a.c.c.C.[Tomcat].[localhost].[/]       : Initializing Spring embedded WebApplicationContext
2017-04-19 16:43:15.959 DEBUG 1255 --- [localhost-startStop-1] o.s.web.context.ContextLoader            : Published root WebApplicationContext as ServletContext attribute with name [org.springframework.web.context.WebApplicationContext.ROOT]
2017-04-19 16:43:15.959  INFO 1255 --- [localhost-startStop-1] o.s.web.context.ContextLoader            : Root WebApplicationContext: initialization completed in 1835 ms
2017-04-19 16:43:16.052 DEBUG 1255 --- [localhost-startStop-1] o.s.w.c.s.StandardServletEnvironment     : Adding [servletConfigInitParams] PropertySource with lowest search precedence
2017-04-19 16:43:16.053 DEBUG 1255 --- [localhost-startStop-1] o.s.w.c.s.StandardServletEnvironment     : Adding [servletContextInitParams] PropertySource with lowest search precedence
2017-04-19 16:43:16.057 DEBUG 1255 --- [localhost-startStop-1] o.s.w.c.s.StandardServletEnvironment     : Adding [systemProperties] PropertySource with lowest search precedence
2017-04-19 16:43:16.059 DEBUG 1255 --- [localhost-startStop-1] o.s.w.c.s.StandardServletEnvironment     : Adding [systemEnvironment] PropertySource with lowest search precedence
2017-04-19 16:43:16.060 DEBUG 1255 --- [localhost-startStop-1] o.s.w.c.s.StandardServletEnvironment     : Initialized StandardServletEnvironment with PropertySources [servletConfigInitParams,servletContextInitParams,systemProperties,systemEnvironment]
2017-04-19 16:43:16.080 DEBUG 1255 --- [localhost-startStop-1] o.s.w.c.s.StandardServletEnvironment     : Adding [servletConfigInitParams] PropertySource with lowest search precedence
2017-04-19 16:43:16.081 DEBUG 1255 --- [localhost-startStop-1] o.s.w.c.s.StandardServletEnvironment     : Adding [servletContextInitParams] PropertySource with lowest search precedence
2017-04-19 16:43:16.081 DEBUG 1255 --- [localhost-startStop-1] o.s.w.c.s.StandardServletEnvironment     : Adding [systemProperties] PropertySource with lowest search precedence
2017-04-19 16:43:16.081 DEBUG 1255 --- [localhost-startStop-1] o.s.w.c.s.StandardServletEnvironment     : Adding [systemEnvironment] PropertySource with lowest search precedence
2017-04-19 16:43:16.081 DEBUG 1255 --- [localhost-startStop-1] o.s.w.c.s.StandardServletEnvironment     : Initialized StandardServletEnvironment with PropertySources [servletConfigInitParams,servletContextInitParams,systemProperties,systemEnvironment]
2017-04-19 16:43:16.088 DEBUG 1255 --- [localhost-startStop-1] o.s.w.c.s.StandardServletEnvironment     : Adding [servletConfigInitParams] PropertySource with lowest search precedence
2017-04-19 16:43:16.088 DEBUG 1255 --- [localhost-startStop-1] o.s.w.c.s.StandardServletEnvironment     : Adding [servletContextInitParams] PropertySource with lowest search precedence
2017-04-19 16:43:16.089 DEBUG 1255 --- [localhost-startStop-1] o.s.w.c.s.StandardServletEnvironment     : Adding [systemProperties] PropertySource with lowest search precedence
2017-04-19 16:43:16.089 DEBUG 1255 --- [localhost-startStop-1] o.s.w.c.s.StandardServletEnvironment     : Adding [systemEnvironment] PropertySource with lowest search precedence
2017-04-19 16:43:16.089 DEBUG 1255 --- [localhost-startStop-1] o.s.w.c.s.StandardServletEnvironment     : Initialized StandardServletEnvironment with PropertySources [servletConfigInitParams,servletContextInitParams,systemProperties,systemEnvironment]
2017-04-19 16:43:16.105 DEBUG 1255 --- [localhost-startStop-1] o.s.w.c.s.StandardServletEnvironment     : Adding [servletConfigInitParams] PropertySource with lowest search precedence
2017-04-19 16:43:16.105 DEBUG 1255 --- [localhost-startStop-1] o.s.w.c.s.StandardServletEnvironment     : Adding [servletContextInitParams] PropertySource with lowest search precedence
2017-04-19 16:43:16.106 DEBUG 1255 --- [localhost-startStop-1] o.s.w.c.s.StandardServletEnvironment     : Adding [systemProperties] PropertySource with lowest search precedence
2017-04-19 16:43:16.106 DEBUG 1255 --- [localhost-startStop-1] o.s.w.c.s.StandardServletEnvironment     : Adding [systemEnvironment] PropertySource with lowest search precedence
2017-04-19 16:43:16.107 DEBUG 1255 --- [localhost-startStop-1] o.s.w.c.s.StandardServletEnvironment     : Initialized StandardServletEnvironment with PropertySources [servletConfigInitParams,servletContextInitParams,systemProperties,systemEnvironment]
2017-04-19 16:43:16.120  INFO 1255 --- [localhost-startStop-1] o.s.b.w.servlet.ServletRegistrationBean  : Mapping servlet: 'dispatcherServlet' to [/]
2017-04-19 16:43:16.127  INFO 1255 --- [localhost-startStop-1] o.s.b.w.servlet.FilterRegistrationBean   : Mapping filter: 'characterEncodingFilter' to: [/*]
2017-04-19 16:43:16.127  INFO 1255 --- [localhost-startStop-1] o.s.b.w.servlet.FilterRegistrationBean   : Mapping filter: 'hiddenHttpMethodFilter' to: [/*]
2017-04-19 16:43:16.128  INFO 1255 --- [localhost-startStop-1] o.s.b.w.servlet.FilterRegistrationBean   : Mapping filter: 'httpPutFormContentFilter' to: [/*]
2017-04-19 16:43:16.128  INFO 1255 --- [localhost-startStop-1] o.s.b.w.servlet.FilterRegistrationBean   : Mapping filter: 'requestContextFilter' to: [/*]
2017-04-19 16:43:16.160 DEBUG 1255 --- [main] o.s.w.c.s.StandardServletEnvironment     : Replacing [servletContextInitParams] PropertySource with [servletContextInitParams]
2017-04-19 16:43:16.504  INFO 1255 --- [main] s.w.s.m.m.a.RequestMappingHandlerAdapter : Looking for @ControllerAdvice: org.springframework.boot.context.embedded.AnnotationConfigEmbeddedWebApplicationContext@146044d7: startup date [Wed Apr 19 16:43:14 CST 2017]; root of context hierarchy
2017-04-19 16:43:16.597 DEBUG 1255 --- [main] s.w.s.m.m.a.RequestMappingHandlerMapping : Looking for request mappings in application context: org.springframework.boot.context.embedded.AnnotationConfigEmbeddedWebApplicationContext@146044d7: startup date [Wed Apr 19 16:43:14 CST 2017]; root of context hierarchy
2017-04-19 16:43:16.607 DEBUG 1255 --- [main] s.w.s.m.m.a.RequestMappingHandlerMapping : 1 request handler methods found on class com.example.DemoApplication: {java.lang.String com.example.DemoApplication.index()={[/]}}
2017-04-19 16:43:16.608  INFO 1255 --- [main] s.w.s.m.m.a.RequestMappingHandlerMapping : Mapped "{[/]}" onto java.lang.String com.example.DemoApplication.index()
2017-04-19 16:43:16.612 DEBUG 1255 --- [main] s.w.s.m.m.a.RequestMappingHandlerMapping : 2 request handler methods found on class org.springframework.boot.autoconfigure.web.BasicErrorController: {public org.springframework.http.ResponseEntity org.springframework.boot.autoconfigure.web.BasicErrorController.error(javax.servlet.http.HttpServletRequest)={[/error]}, public org.springframework.web.servlet.ModelAndView org.springframework.boot.autoconfigure.web.BasicErrorController.errorHtml(javax.servlet.http.HttpServletRequest,javax.servlet.http.HttpServletResponse)={[/error],produces=[text/html]}}
2017-04-19 16:43:16.612  INFO 1255 --- [main] s.w.s.m.m.a.RequestMappingHandlerMapping : Mapped "{[/error]}" onto public org.springframework.http.ResponseEntity<java.util.Map<java.lang.String, java.lang.Object>> org.springframework.boot.autoconfigure.web.BasicErrorController.error(javax.servlet.http.HttpServletRequest)
2017-04-19 16:43:16.612  INFO 1255 --- [main] s.w.s.m.m.a.RequestMappingHandlerMapping : Mapped "{[/error],produces=[text/html]}" onto public org.springframework.web.servlet.ModelAndView org.springframework.boot.autoconfigure.web.BasicErrorController.errorHtml(javax.servlet.http.HttpServletRequest,javax.servlet.http.HttpServletResponse)
2017-04-19 16:43:16.635 DEBUG 1255 --- [main] o.s.w.s.h.BeanNameUrlHandlerMapping      : Looking for URL mappings in application context: org.springframework.boot.context.embedded.AnnotationConfigEmbeddedWebApplicationContext@146044d7: startup date [Wed Apr 19 16:43:14 CST 2017]; root of context hierarchy
2017-04-19 16:43:16.635 DEBUG 1255 --- [main] o.s.w.s.h.BeanNameUrlHandlerMapping      : Rejected bean name 'org.springframework.context.annotation.internalConfigurationAnnotationProcessor': no URL paths identified
2017-04-19 16:43:16.635 DEBUG 1255 --- [main] o.s.w.s.h.BeanNameUrlHandlerMapping      : Rejected bean name 'org.springframework.context.annotation.internalAutowiredAnnotationProcessor': no URL paths identified
2017-04-19 16:43:16.635 DEBUG 1255 --- [main] o.s.w.s.h.BeanNameUrlHandlerMapping      : Rejected bean name 'org.springframework.context.annotation.internalRequiredAnnotationProcessor': no URL paths identified
2017-04-19 16:43:16.635 DEBUG 1255 --- [main] o.s.w.s.h.BeanNameUrlHandlerMapping      : Rejected bean name 'org.springframework.context.annotation.internalCommonAnnotationProcessor': no URL paths identified
2017-04-19 16:43:16.635 DEBUG 1255 --- [main] o.s.w.s.h.BeanNameUrlHandlerMapping      : Rejected bean name 'org.springframework.context.event.internalEventListenerProcessor': no URL paths identified
2017-04-19 16:43:16.635 DEBUG 1255 --- [main] o.s.w.s.h.BeanNameUrlHandlerMapping      : Rejected bean name 'org.springframework.context.event.internalEventListenerFactory': no URL paths identified
2017-04-19 16:43:16.635 DEBUG 1255 --- [main] o.s.w.s.h.BeanNameUrlHandlerMapping      : Rejected bean name 'demoApplication': no URL paths identified
2017-04-19 16:43:16.636 DEBUG 1255 --- [main] o.s.w.s.h.BeanNameUrlHandlerMapping      : Rejected bean name 'org.springframework.boot.autoconfigure.internalCachingMetadataReaderFactory': no URL paths identified
2017-04-19 16:43:16.636 DEBUG 1255 --- [main] o.s.w.s.h.BeanNameUrlHandlerMapping      : Rejected bean name 'authorProperties': no URL paths identified
2017-04-19 16:43:16.636 DEBUG 1255 --- [main] o.s.w.s.h.BeanNameUrlHandlerMapping      : Rejected bean name 'org.springframework.boot.autoconfigure.AutoConfigurationPackages': no URL paths identified
2017-04-19 16:43:16.636 DEBUG 1255 --- [main] o.s.w.s.h.BeanNameUrlHandlerMapping      : Rejected bean name 'org.springframework.boot.autoconfigure.context.PropertyPlaceholderAutoConfiguration': no URL paths identified
2017-04-19 16:43:16.636 DEBUG 1255 --- [main] o.s.w.s.h.BeanNameUrlHandlerMapping      : Rejected bean name 'org.springframework.boot.autoconfigure.condition.BeanTypeRegistry': no URL paths identified
2017-04-19 16:43:16.636 DEBUG 1255 --- [main] o.s.w.s.h.BeanNameUrlHandlerMapping      : Rejected bean name 'propertySourcesPlaceholderConfigurer': no URL paths identified
2017-04-19 16:43:16.636 DEBUG 1255 --- [main] o.s.w.s.h.BeanNameUrlHandlerMapping      : Rejected bean name 'org.springframework.boot.autoconfigure.jackson.JacksonAutoConfiguration$Jackson2ObjectMapperBuilderCustomizerConfiguration': no URL paths identified
2017-04-19 16:43:16.636 DEBUG 1255 --- [main] o.s.w.s.h.BeanNameUrlHandlerMapping      : Rejected bean name 'standardJacksonObjectMapperBuilderCustomizer': no URL paths identified
2017-04-19 16:43:16.636 DEBUG 1255 --- [main] o.s.w.s.h.BeanNameUrlHandlerMapping      : Rejected bean name 'spring.jackson-org.springframework.boot.autoconfigure.jackson.JacksonProperties': no URL paths identified
2017-04-19 16:43:16.636 DEBUG 1255 --- [main] o.s.w.s.h.BeanNameUrlHandlerMapping      : Rejected bean name 'org.springframework.boot.context.properties.ConfigurationPropertiesBindingPostProcessor': no URL paths identified
2017-04-19 16:43:16.636 DEBUG 1255 --- [main] o.s.w.s.h.BeanNameUrlHandlerMapping      : Rejected bean name 'org.springframework.boot.context.properties.ConfigurationPropertiesBindingPostProcessor.store': no URL paths identified
2017-04-19 16:43:16.636 DEBUG 1255 --- [main] o.s.w.s.h.BeanNameUrlHandlerMapping      : Rejected bean name 'org.springframework.boot.autoconfigure.jackson.JacksonAutoConfiguration$JacksonObjectMapperBuilderConfiguration': no URL paths identified
2017-04-19 16:43:16.636 DEBUG 1255 --- [main] o.s.w.s.h.BeanNameUrlHandlerMapping      : Rejected bean name 'jacksonObjectMapperBuilder': no URL paths identified
2017-04-19 16:43:16.636 DEBUG 1255 --- [main] o.s.w.s.h.BeanNameUrlHandlerMapping      : Rejected bean name 'org.springframework.boot.autoconfigure.jackson.JacksonAutoConfiguration$JacksonObjectMapperConfiguration': no URL paths identified
2017-04-19 16:43:16.636 DEBUG 1255 --- [main] o.s.w.s.h.BeanNameUrlHandlerMapping      : Rejected bean name 'jacksonObjectMapper': no URL paths identified
2017-04-19 16:43:16.636 DEBUG 1255 --- [main] o.s.w.s.h.BeanNameUrlHandlerMapping      : Rejected bean name 'org.springframework.boot.autoconfigure.jackson.JacksonAutoConfiguration': no URL paths identified
2017-04-19 16:43:16.637 DEBUG 1255 --- [main] o.s.w.s.h.BeanNameUrlHandlerMapping      : Rejected bean name 'jsonComponentModule': no URL paths identified
2017-04-19 16:43:16.637 DEBUG 1255 --- [main] o.s.w.s.h.BeanNameUrlHandlerMapping      : Rejected bean name 'org.springframework.boot.autoconfigure.websocket.WebSocketAutoConfiguration$TomcatWebSocketConfiguration': no URL paths identified
2017-04-19 16:43:16.639 DEBUG 1255 --- [main] o.s.w.s.h.BeanNameUrlHandlerMapping      : Rejected bean name 'websocketContainerCustomizer': no URL paths identified
2017-04-19 16:43:16.640 DEBUG 1255 --- [main] o.s.w.s.h.BeanNameUrlHandlerMapping      : Rejected bean name 'org.springframework.boot.autoconfigure.websocket.WebSocketAutoConfiguration': no URL paths identified
2017-04-19 16:43:16.640 DEBUG 1255 --- [main] o.s.w.s.h.BeanNameUrlHandlerMapping      : Rejected bean name 'org.springframework.boot.autoconfigure.web.EmbeddedServletContainerAutoConfiguration$EmbeddedTomcat': no URL paths identified
2017-04-19 16:43:16.640 DEBUG 1255 --- [main] o.s.w.s.h.BeanNameUrlHandlerMapping      : Rejected bean name 'tomcatEmbeddedServletContainerFactory': no URL paths identified
2017-04-19 16:43:16.640 DEBUG 1255 --- [main] o.s.w.s.h.BeanNameUrlHandlerMapping      : Rejected bean name 'org.springframework.boot.autoconfigure.web.EmbeddedServletContainerAutoConfiguration': no URL paths identified
2017-04-19 16:43:16.640 DEBUG 1255 --- [main] o.s.w.s.h.BeanNameUrlHandlerMapping      : Rejected bean name 'embeddedServletContainerCustomizerBeanPostProcessor': no URL paths identified
2017-04-19 16:43:16.640 DEBUG 1255 --- [main] o.s.w.s.h.BeanNameUrlHandlerMapping      : Rejected bean name 'errorPageRegistrarBeanPostProcessor': no URL paths identified
2017-04-19 16:43:16.640 DEBUG 1255 --- [main] o.s.w.s.h.BeanNameUrlHandlerMapping      : Rejected bean name 'org.springframework.boot.autoconfigure.web.DispatcherServletAutoConfiguration$DispatcherServletConfiguration': no URL paths identified
2017-04-19 16:43:16.640 DEBUG 1255 --- [main] o.s.w.s.h.BeanNameUrlHandlerMapping      : Rejected bean name 'dispatcherServlet': no URL paths identified
2017-04-19 16:43:16.640 DEBUG 1255 --- [main] o.s.w.s.h.BeanNameUrlHandlerMapping      : Rejected bean name 'spring.mvc-org.springframework.boot.autoconfigure.web.WebMvcProperties': no URL paths identified
2017-04-19 16:43:16.640 DEBUG 1255 --- [main] o.s.w.s.h.BeanNameUrlHandlerMapping      : Rejected bean name 'org.springframework.boot.autoconfigure.web.DispatcherServletAutoConfiguration$DispatcherServletRegistrationConfiguration': no URL paths identified
2017-04-19 16:43:16.640 DEBUG 1255 --- [main] o.s.w.s.h.BeanNameUrlHandlerMapping      : Rejected bean name 'dispatcherServletRegistration': no URL paths identified
2017-04-19 16:43:16.640 DEBUG 1255 --- [main] o.s.w.s.h.BeanNameUrlHandlerMapping      : Rejected bean name 'org.springframework.boot.autoconfigure.web.DispatcherServletAutoConfiguration': no URL paths identified
2017-04-19 16:43:16.641 DEBUG 1255 --- [main] o.s.w.s.h.BeanNameUrlHandlerMapping      : Rejected bean name 'org.springframework.boot.autoconfigure.validation.ValidationAutoConfiguration': no URL paths identified
2017-04-19 16:43:16.641 DEBUG 1255 --- [main] o.s.w.s.h.BeanNameUrlHandlerMapping      : Rejected bean name 'jsr303Validator': no URL paths identified
2017-04-19 16:43:16.641 DEBUG 1255 --- [main] o.s.w.s.h.BeanNameUrlHandlerMapping      : Rejected bean name 'methodValidationPostProcessor': no URL paths identified
2017-04-19 16:43:16.641 DEBUG 1255 --- [main] o.s.w.s.h.BeanNameUrlHandlerMapping      : Rejected bean name 'org.springframework.boot.autoconfigure.web.ErrorMvcAutoConfiguration$WhitelabelErrorViewConfiguration': no URL paths identified
2017-04-19 16:43:16.641 DEBUG 1255 --- [main] o.s.w.s.h.BeanNameUrlHandlerMapping      : Rejected bean name 'error': no URL paths identified
2017-04-19 16:43:16.641 DEBUG 1255 --- [main] o.s.w.s.h.BeanNameUrlHandlerMapping      : Rejected bean name 'beanNameViewResolver': no URL paths identified
2017-04-19 16:43:16.641 DEBUG 1255 --- [main] o.s.w.s.h.BeanNameUrlHandlerMapping      : Rejected bean name 'org.springframework.boot.autoconfigure.web.ErrorMvcAutoConfiguration$DefaultErrorViewResolverConfiguration': no URL paths identified
2017-04-19 16:43:16.641 DEBUG 1255 --- [main] o.s.w.s.h.BeanNameUrlHandlerMapping      : Rejected bean name 'conventionErrorViewResolver': no URL paths identified
2017-04-19 16:43:16.641 DEBUG 1255 --- [main] o.s.w.s.h.BeanNameUrlHandlerMapping      : Rejected bean name 'org.springframework.boot.autoconfigure.web.ErrorMvcAutoConfiguration': no URL paths identified
2017-04-19 16:43:16.641 DEBUG 1255 --- [main] o.s.w.s.h.BeanNameUrlHandlerMapping      : Rejected bean name 'errorAttributes': no URL paths identified
2017-04-19 16:43:16.641 DEBUG 1255 --- [main] o.s.w.s.h.BeanNameUrlHandlerMapping      : Rejected bean name 'basicErrorController': no URL paths identified
2017-04-19 16:43:16.641 DEBUG 1255 --- [main] o.s.w.s.h.BeanNameUrlHandlerMapping      : Rejected bean name 'errorPageCustomizer': no URL paths identified
2017-04-19 16:43:16.641 DEBUG 1255 --- [main] o.s.w.s.h.BeanNameUrlHandlerMapping      : Rejected bean name 'preserveErrorControllerTargetClassPostProcessor': no URL paths identified
2017-04-19 16:43:16.641 DEBUG 1255 --- [main] o.s.w.s.h.BeanNameUrlHandlerMapping      : Rejected bean name 'spring.resources-org.springframework.boot.autoconfigure.web.ResourceProperties': no URL paths identified
2017-04-19 16:43:16.642 DEBUG 1255 --- [main] o.s.w.s.h.BeanNameUrlHandlerMapping      : Rejected bean name 'org.springframework.boot.autoconfigure.web.WebMvcAutoConfiguration$EnableWebMvcConfiguration': no URL paths identified
2017-04-19 16:43:16.642 DEBUG 1255 --- [main] o.s.w.s.h.BeanNameUrlHandlerMapping      : Rejected bean name 'requestMappingHandlerAdapter': no URL paths identified
2017-04-19 16:43:16.642 DEBUG 1255 --- [main] o.s.w.s.h.BeanNameUrlHandlerMapping      : Rejected bean name 'requestMappingHandlerMapping': no URL paths identified
2017-04-19 16:43:16.642 DEBUG 1255 --- [main] o.s.w.s.h.BeanNameUrlHandlerMapping      : Rejected bean name 'mvcValidator': no URL paths identified
2017-04-19 16:43:16.642 DEBUG 1255 --- [main] o.s.w.s.h.BeanNameUrlHandlerMapping      : Rejected bean name 'mvcPathMatcher': no URL paths identified
2017-04-19 16:43:16.642 DEBUG 1255 --- [main] o.s.w.s.h.BeanNameUrlHandlerMapping      : Rejected bean name 'mvcUrlPathHelper': no URL paths identified
2017-04-19 16:43:16.642 DEBUG 1255 --- [main] o.s.w.s.h.BeanNameUrlHandlerMapping      : Rejected bean name 'mvcContentNegotiationManager': no URL paths identified
2017-04-19 16:43:16.642 DEBUG 1255 --- [main] o.s.w.s.h.BeanNameUrlHandlerMapping      : Rejected bean name 'viewControllerHandlerMapping': no URL paths identified
2017-04-19 16:43:16.642 DEBUG 1255 --- [main] o.s.w.s.h.BeanNameUrlHandlerMapping      : Rejected bean name 'beanNameHandlerMapping': no URL paths identified
2017-04-19 16:43:16.642 DEBUG 1255 --- [main] o.s.w.s.h.BeanNameUrlHandlerMapping      : Rejected bean name 'resourceHandlerMapping': no URL paths identified
2017-04-19 16:43:16.642 DEBUG 1255 --- [main] o.s.w.s.h.BeanNameUrlHandlerMapping      : Rejected bean name 'mvcResourceUrlProvider': no URL paths identified
2017-04-19 16:43:16.642 DEBUG 1255 --- [main] o.s.w.s.h.BeanNameUrlHandlerMapping      : Rejected bean name 'defaultServletHandlerMapping': no URL paths identified
2017-04-19 16:43:16.643 DEBUG 1255 --- [main] o.s.w.s.h.BeanNameUrlHandlerMapping      : Rejected bean name 'mvcConversionService': no URL paths identified
2017-04-19 16:43:16.643 DEBUG 1255 --- [main] o.s.w.s.h.BeanNameUrlHandlerMapping      : Rejected bean name 'mvcUriComponentsContributor': no URL paths identified
2017-04-19 16:43:16.643 DEBUG 1255 --- [main] o.s.w.s.h.BeanNameUrlHandlerMapping      : Rejected bean name 'httpRequestHandlerAdapter': no URL paths identified
2017-04-19 16:43:16.643 DEBUG 1255 --- [main] o.s.w.s.h.BeanNameUrlHandlerMapping      : Rejected bean name 'simpleControllerHandlerAdapter': no URL paths identified
2017-04-19 16:43:16.643 DEBUG 1255 --- [main] o.s.w.s.h.BeanNameUrlHandlerMapping      : Rejected bean name 'handlerExceptionResolver': no URL paths identified
2017-04-19 16:43:16.646 DEBUG 1255 --- [main] o.s.w.s.h.BeanNameUrlHandlerMapping      : Rejected bean name 'mvcViewResolver': no URL paths identified
2017-04-19 16:43:16.646 DEBUG 1255 --- [main] o.s.w.s.h.BeanNameUrlHandlerMapping      : Rejected bean name 'org.springframework.boot.autoconfigure.web.WebMvcAutoConfiguration$WebMvcAutoConfigurationAdapter$FaviconConfiguration': no URL paths identified
2017-04-19 16:43:16.646 DEBUG 1255 --- [main] o.s.w.s.h.BeanNameUrlHandlerMapping      : Rejected bean name 'faviconHandlerMapping': no URL paths identified
2017-04-19 16:43:16.647 DEBUG 1255 --- [main] o.s.w.s.h.BeanNameUrlHandlerMapping      : Rejected bean name 'faviconRequestHandler': no URL paths identified
2017-04-19 16:43:16.647 DEBUG 1255 --- [main] o.s.w.s.h.BeanNameUrlHandlerMapping      : Rejected bean name 'org.springframework.boot.autoconfigure.web.WebMvcAutoConfiguration$WebMvcAutoConfigurationAdapter': no URL paths identified
2017-04-19 16:43:16.647 DEBUG 1255 --- [main] o.s.w.s.h.BeanNameUrlHandlerMapping      : Rejected bean name 'defaultViewResolver': no URL paths identified
2017-04-19 16:43:16.647 DEBUG 1255 --- [main] o.s.w.s.h.BeanNameUrlHandlerMapping      : Rejected bean name 'viewResolver': no URL paths identified
2017-04-19 16:43:16.647 DEBUG 1255 --- [main] o.s.w.s.h.BeanNameUrlHandlerMapping      : Rejected bean name 'welcomePageHandlerMapping': no URL paths identified
2017-04-19 16:43:16.648 DEBUG 1255 --- [main] o.s.w.s.h.BeanNameUrlHandlerMapping      : Rejected bean name 'requestContextFilter': no URL paths identified
2017-04-19 16:43:16.648 DEBUG 1255 --- [main] o.s.w.s.h.BeanNameUrlHandlerMapping      : Rejected bean name 'org.springframework.boot.autoconfigure.web.WebMvcAutoConfiguration': no URL paths identified
2017-04-19 16:43:16.648 DEBUG 1255 --- [main] o.s.w.s.h.BeanNameUrlHandlerMapping      : Rejected bean name 'hiddenHttpMethodFilter': no URL paths identified
2017-04-19 16:43:16.649 DEBUG 1255 --- [main] o.s.w.s.h.BeanNameUrlHandlerMapping      : Rejected bean name 'httpPutFormContentFilter': no URL paths identified
2017-04-19 16:43:16.649 DEBUG 1255 --- [main] o.s.w.s.h.BeanNameUrlHandlerMapping      : Rejected bean name 'org.springframework.boot.autoconfigure.jmx.JmxAutoConfiguration': no URL paths identified
2017-04-19 16:43:16.649 DEBUG 1255 --- [main] o.s.w.s.h.BeanNameUrlHandlerMapping      : Rejected bean name 'mbeanExporter': no URL paths identified
2017-04-19 16:43:16.649 DEBUG 1255 --- [main] o.s.w.s.h.BeanNameUrlHandlerMapping      : Rejected bean name 'objectNamingStrategy': no URL paths identified
2017-04-19 16:43:16.649 DEBUG 1255 --- [main] o.s.w.s.h.BeanNameUrlHandlerMapping      : Rejected bean name 'mbeanServer': no URL paths identified
2017-04-19 16:43:16.649 DEBUG 1255 --- [main] o.s.w.s.h.BeanNameUrlHandlerMapping      : Rejected bean name 'org.springframework.boot.autoconfigure.context.ConfigurationPropertiesAutoConfiguration': no URL paths identified
2017-04-19 16:43:16.649 DEBUG 1255 --- [main] o.s.w.s.h.BeanNameUrlHandlerMapping      : Rejected bean name 'org.springframework.boot.autoconfigure.web.HttpMessageConvertersAutoConfiguration$StringHttpMessageConverterConfiguration': no URL paths identified
2017-04-19 16:43:16.649 DEBUG 1255 --- [main] o.s.w.s.h.BeanNameUrlHandlerMapping      : Rejected bean name 'stringHttpMessageConverter': no URL paths identified
2017-04-19 16:43:16.649 DEBUG 1255 --- [main] o.s.w.s.h.BeanNameUrlHandlerMapping      : Rejected bean name 'spring.http.encoding-org.springframework.boot.autoconfigure.web.HttpEncodingProperties': no URL paths identified
2017-04-19 16:43:16.649 DEBUG 1255 --- [main] o.s.w.s.h.BeanNameUrlHandlerMapping      : Rejected bean name 'org.springframework.boot.autoconfigure.web.JacksonHttpMessageConvertersConfiguration$MappingJackson2HttpMessageConverterConfiguration': no URL paths identified
2017-04-19 16:43:16.649 DEBUG 1255 --- [main] o.s.w.s.h.BeanNameUrlHandlerMapping      : Rejected bean name 'mappingJackson2HttpMessageConverter': no URL paths identified
2017-04-19 16:43:16.650 DEBUG 1255 --- [main] o.s.w.s.h.BeanNameUrlHandlerMapping      : Rejected bean name 'org.springframework.boot.autoconfigure.web.JacksonHttpMessageConvertersConfiguration': no URL paths identified
2017-04-19 16:43:16.650 DEBUG 1255 --- [main] o.s.w.s.h.BeanNameUrlHandlerMapping      : Rejected bean name 'org.springframework.boot.autoconfigure.web.HttpMessageConvertersAutoConfiguration': no URL paths identified
2017-04-19 16:43:16.650 DEBUG 1255 --- [main] o.s.w.s.h.BeanNameUrlHandlerMapping      : Rejected bean name 'messageConverters': no URL paths identified
2017-04-19 16:43:16.650 DEBUG 1255 --- [main] o.s.w.s.h.BeanNameUrlHandlerMapping      : Rejected bean name 'org.springframework.boot.autoconfigure.info.ProjectInfoAutoConfiguration': no URL paths identified
2017-04-19 16:43:16.650 DEBUG 1255 --- [main] o.s.w.s.h.BeanNameUrlHandlerMapping      : Rejected bean name 'spring.info-org.springframework.boot.autoconfigure.info.ProjectInfoProperties': no URL paths identified
2017-04-19 16:43:16.650 DEBUG 1255 --- [main] o.s.w.s.h.BeanNameUrlHandlerMapping      : Rejected bean name 'org.springframework.boot.autoconfigure.web.HttpEncodingAutoConfiguration': no URL paths identified
2017-04-19 16:43:16.650 DEBUG 1255 --- [main] o.s.w.s.h.BeanNameUrlHandlerMapping      : Rejected bean name 'characterEncodingFilter': no URL paths identified
2017-04-19 16:43:16.650 DEBUG 1255 --- [main] o.s.w.s.h.BeanNameUrlHandlerMapping      : Rejected bean name 'localeCharsetMappingsCustomizer': no URL paths identified
2017-04-19 16:43:16.650 DEBUG 1255 --- [main] o.s.w.s.h.BeanNameUrlHandlerMapping      : Rejected bean name 'org.springframework.boot.autoconfigure.web.MultipartAutoConfiguration': no URL paths identified
2017-04-19 16:43:16.650 DEBUG 1255 --- [main] o.s.w.s.h.BeanNameUrlHandlerMapping      : Rejected bean name 'multipartConfigElement': no URL paths identified
2017-04-19 16:43:16.650 DEBUG 1255 --- [main] o.s.w.s.h.BeanNameUrlHandlerMapping      : Rejected bean name 'multipartResolver': no URL paths identified
2017-04-19 16:43:16.650 DEBUG 1255 --- [main] o.s.w.s.h.BeanNameUrlHandlerMapping      : Rejected bean name 'spring.http.multipart-org.springframework.boot.autoconfigure.web.MultipartProperties': no URL paths identified
2017-04-19 16:43:16.650 DEBUG 1255 --- [main] o.s.w.s.h.BeanNameUrlHandlerMapping      : Rejected bean name 'org.springframework.boot.autoconfigure.web.ServerPropertiesAutoConfiguration': no URL paths identified
2017-04-19 16:43:16.650 DEBUG 1255 --- [main] o.s.w.s.h.BeanNameUrlHandlerMapping      : Rejected bean name 'serverProperties': no URL paths identified
2017-04-19 16:43:16.651 DEBUG 1255 --- [main] o.s.w.s.h.BeanNameUrlHandlerMapping      : Rejected bean name 'duplicateServerPropertiesDetector': no URL paths identified
2017-04-19 16:43:16.651 DEBUG 1255 --- [main] o.s.w.s.h.BeanNameUrlHandlerMapping      : Rejected bean name 'org.springframework.boot.autoconfigure.web.WebClientAutoConfiguration$RestTemplateConfiguration': no URL paths identified
2017-04-19 16:43:16.651 DEBUG 1255 --- [main] o.s.w.s.h.BeanNameUrlHandlerMapping      : Rejected bean name 'restTemplateBuilder': no URL paths identified
2017-04-19 16:43:16.651 DEBUG 1255 --- [main] o.s.w.s.h.BeanNameUrlHandlerMapping      : Rejected bean name 'org.springframework.boot.autoconfigure.web.WebClientAutoConfiguration': no URL paths identified
2017-04-19 16:43:16.651 DEBUG 1255 --- [main] o.s.w.s.h.BeanNameUrlHandlerMapping      : Rejected bean name 'autoConfigurationReport': no URL paths identified
2017-04-19 16:43:16.651 DEBUG 1255 --- [main] o.s.w.s.h.BeanNameUrlHandlerMapping      : Rejected bean name 'springApplicationArguments': no URL paths identified
2017-04-19 16:43:16.651 DEBUG 1255 --- [main] o.s.w.s.h.BeanNameUrlHandlerMapping      : Rejected bean name 'springBootBanner': no URL paths identified
2017-04-19 16:43:16.651 DEBUG 1255 --- [main] o.s.w.s.h.BeanNameUrlHandlerMapping      : Rejected bean name 'springBootLoggingSystem': no URL paths identified
2017-04-19 16:43:16.651 DEBUG 1255 --- [main] o.s.w.s.h.BeanNameUrlHandlerMapping      : Rejected bean name 'environment': no URL paths identified
2017-04-19 16:43:16.651 DEBUG 1255 --- [main] o.s.w.s.h.BeanNameUrlHandlerMapping      : Rejected bean name 'systemProperties': no URL paths identified
2017-04-19 16:43:16.651 DEBUG 1255 --- [main] o.s.w.s.h.BeanNameUrlHandlerMapping      : Rejected bean name 'systemEnvironment': no URL paths identified
2017-04-19 16:43:16.651 DEBUG 1255 --- [main] o.s.w.s.h.BeanNameUrlHandlerMapping      : Rejected bean name 'org.springframework.context.annotation.ConfigurationClassPostProcessor.importRegistry': no URL paths identified
2017-04-19 16:43:16.651 DEBUG 1255 --- [main] o.s.w.s.h.BeanNameUrlHandlerMapping      : Rejected bean name 'messageSource': no URL paths identified
2017-04-19 16:43:16.651 DEBUG 1255 --- [main] o.s.w.s.h.BeanNameUrlHandlerMapping      : Rejected bean name 'applicationEventMulticaster': no URL paths identified
2017-04-19 16:43:16.652 DEBUG 1255 --- [main] o.s.w.s.h.BeanNameUrlHandlerMapping      : Rejected bean name 'servletContext': no URL paths identified
2017-04-19 16:43:16.652 DEBUG 1255 --- [main] o.s.w.s.h.BeanNameUrlHandlerMapping      : Rejected bean name 'contextParameters': no URL paths identified
2017-04-19 16:43:16.652 DEBUG 1255 --- [main] o.s.w.s.h.BeanNameUrlHandlerMapping      : Rejected bean name 'contextAttributes': no URL paths identified
2017-04-19 16:43:16.665  INFO 1255 --- [main] o.s.w.s.handler.SimpleUrlHandlerMapping  : Mapped URL path [/webjars/**] onto handler of type [class org.springframework.web.servlet.resource.ResourceHttpRequestHandler]
2017-04-19 16:43:16.665  INFO 1255 --- [main] o.s.w.s.handler.SimpleUrlHandlerMapping  : Mapped URL path [/**] onto handler of type [class org.springframework.web.servlet.resource.ResourceHttpRequestHandler]
2017-04-19 16:43:16.684 DEBUG 1255 --- [main] .m.m.a.ExceptionHandlerExceptionResolver : Looking for exception mappings: org.springframework.boot.context.embedded.AnnotationConfigEmbeddedWebApplicationContext@146044d7: startup date [Wed Apr 19 16:43:14 CST 2017]; root of context hierarchy
2017-04-19 16:43:16.748  INFO 1255 --- [main] o.s.w.s.handler.SimpleUrlHandlerMapping  : Mapped URL path [/**/favicon.ico] onto handler of type [class org.springframework.web.servlet.resource.ResourceHttpRequestHandler]
2017-04-19 16:43:16.911  INFO 1255 --- [main] o.s.j.e.a.AnnotationMBeanExporter        : Registering beans for JMX exposure on startup
2017-04-19 16:43:16.929 DEBUG 1255 --- [main] o.s.w.s.resource.ResourceUrlProvider     : Looking for resource handler mappings
2017-04-19 16:43:16.930 DEBUG 1255 --- [main] o.s.w.s.resource.ResourceUrlProvider     : Found resource handler mapping: URL pattern="/**/favicon.ico", locations=[ServletContext resource [/], class path resource [META-INF/resources/], class path resource [resources/], class path resource [static/], class path resource [public/], class path resource []], resolvers=[org.springframework.web.servlet.resource.PathResourceResolver@41394595]
2017-04-19 16:43:16.930 DEBUG 1255 --- [main] o.s.w.s.resource.ResourceUrlProvider     : Found resource handler mapping: URL pattern="/webjars/**", locations=[class path resource [META-INF/resources/webjars/]], resolvers=[org.springframework.web.servlet.resource.PathResourceResolver@3a0807b7]
2017-04-19 16:43:16.931 DEBUG 1255 --- [main] o.s.w.s.resource.ResourceUrlProvider     : Found resource handler mapping: URL pattern="/**", locations=[ServletContext resource [/], class path resource [META-INF/resources/], class path resource [resources/], class path resource [static/], class path resource [public/]], resolvers=[org.springframework.web.servlet.resource.PathResourceResolver@21a5fd96]
2017-04-19 16:43:16.999  INFO 1255 --- [main] s.b.c.e.t.TomcatEmbeddedServletContainer : Tomcat started on port(s): 8080 (http)
2017-04-19 16:43:17.000 DEBUG 1255 --- [main] o.s.w.c.s.StandardServletEnvironment     : Adding [server.ports] PropertySource with highest search precedence
2017-04-19 16:43:17.005  INFO 1255 --- [main] com.example.DemoApplication              : Started DemoApplication in 4.236 seconds (JVM running for 4.968)
2017-04-19 16:43:28.219  INFO 1255 --- [http-nio-8080-exec-1] o.apache.tomcat.util.http.parser.Cookie  : A cookie header was received [1472628269,1472700989,1472787841] that contained an invalid cookie. That cookie will be ignored.Note: further occurrences of this error will be logged at DEBUG level.
2017-04-19 16:43:28.226 DEBUG 1255 --- [http-nio-8080-exec-1] o.s.web.servlet.DispatcherServlet        : Initializing servlet 'dispatcherServlet'
2017-04-19 16:43:28.226  INFO 1255 --- [http-nio-8080-exec-1] o.a.c.c.C.[Tomcat].[localhost].[/]       : Initializing Spring FrameworkServlet 'dispatcherServlet'
2017-04-19 16:43:28.226  INFO 1255 --- [http-nio-8080-exec-1] o.s.web.servlet.DispatcherServlet        : FrameworkServlet 'dispatcherServlet': initialization started
2017-04-19 16:43:28.227 DEBUG 1255 --- [http-nio-8080-exec-1] o.s.web.servlet.DispatcherServlet        : Using MultipartResolver [org.springframework.web.multipart.support.StandardServletMultipartResolver@78025dae]
2017-04-19 16:43:28.230 DEBUG 1255 --- [http-nio-8080-exec-1] o.s.web.servlet.DispatcherServlet        : Unable to locate LocaleResolver with name 'localeResolver': using default [org.springframework.web.servlet.i18n.AcceptHeaderLocaleResolver@4db13370]
2017-04-19 16:43:28.234 DEBUG 1255 --- [http-nio-8080-exec-1] o.s.web.servlet.DispatcherServlet        : Unable to locate ThemeResolver with name 'themeResolver': using default [org.springframework.web.servlet.theme.FixedThemeResolver@27e88ec8]
2017-04-19 16:43:28.240 DEBUG 1255 --- [http-nio-8080-exec-1] o.s.web.servlet.DispatcherServlet        : Unable to locate RequestToViewNameTranslator with name 'viewNameTranslator': using default [org.springframework.web.servlet.view.DefaultRequestToViewNameTranslator@212836ce]
2017-04-19 16:43:28.246 DEBUG 1255 --- [http-nio-8080-exec-1] o.s.web.servlet.DispatcherServlet        : Unable to locate FlashMapManager with name 'flashMapManager': using default [org.springframework.web.servlet.support.SessionFlashMapManager@6845241e]
2017-04-19 16:43:28.246 DEBUG 1255 --- [http-nio-8080-exec-1] o.s.web.servlet.DispatcherServlet        : Published WebApplicationContext of servlet 'dispatcherServlet' as ServletContext attribute with name [org.springframework.web.servlet.FrameworkServlet.CONTEXT.dispatcherServlet]
2017-04-19 16:43:28.246  INFO 1255 --- [http-nio-8080-exec-1] o.s.web.servlet.DispatcherServlet        : FrameworkServlet 'dispatcherServlet': initialization completed in 19 ms
2017-04-19 16:43:28.246 DEBUG 1255 --- [http-nio-8080-exec-1] o.s.web.servlet.DispatcherServlet        : Servlet 'dispatcherServlet' configured successfully
2017-04-19 16:43:28.265 DEBUG 1255 --- [http-nio-8080-exec-1] o.s.web.servlet.DispatcherServlet        : DispatcherServlet with name 'dispatcherServlet' processing GET request for [/]
2017-04-19 16:43:28.270 DEBUG 1255 --- [http-nio-8080-exec-1] s.w.s.m.m.a.RequestMappingHandlerMapping : Looking up handler method for path /
2017-04-19 16:43:28.272 DEBUG 1255 --- [http-nio-8080-exec-1] s.w.s.m.m.a.RequestMappingHandlerMapping : Returning handler method [java.lang.String com.example.DemoApplication.index()]
2017-04-19 16:43:28.272 DEBUG 1255 --- [http-nio-8080-exec-1] o.s.web.servlet.DispatcherServlet        : Last-Modified value for [/] is: -1
2017-04-19 16:43:28.298 DEBUG 1255 --- [http-nio-8080-exec-1] m.m.a.RequestResponseBodyMethodProcessor : Written [author name is HL 32] as "text/html" using [org.springframework.http.converter.StringHttpMessageConverter@1536602f]
2017-04-19 16:43:28.299 DEBUG 1255 --- [http-nio-8080-exec-1] o.s.web.servlet.DispatcherServlet        : Null ModelAndView returned to DispatcherServlet with name 'dispatcherServlet': assuming HandlerAdapter completed request handling
2017-04-19 16:43:28.299 DEBUG 1255 --- [http-nio-8080-exec-1] o.s.web.servlet.DispatcherServlet        : Successfully completed request
2017-04-19 16:43:28.989 DEBUG 1255 --- [http-nio-8080-exec-2] o.s.web.servlet.DispatcherServlet        : DispatcherServlet with name 'dispatcherServlet' processing GET request for [/favicon.ico]
2017-04-19 16:43:28.990 DEBUG 1255 --- [http-nio-8080-exec-2] o.s.w.s.handler.SimpleUrlHandlerMapping  : Matching patterns for request [/favicon.ico] are [/**/favicon.ico]
2017-04-19 16:43:28.991 DEBUG 1255 --- [http-nio-8080-exec-2] o.s.w.s.handler.SimpleUrlHandlerMapping  : URI Template variables for request [/favicon.ico] are {}
2017-04-19 16:43:28.992 DEBUG 1255 --- [http-nio-8080-exec-2] o.s.w.s.handler.SimpleUrlHandlerMapping  : Mapping [/favicon.ico] to HandlerExecutionChain with handler [ResourceHttpRequestHandler [locations=[ServletContext resource [/], class path resource [META-INF/resources/], class path resource [resources/], class path resource [static/], class path resource [public/], class path resource []], resolvers=[org.springframework.web.servlet.resource.PathResourceResolver@41394595]]] and 1 interceptor
2017-04-19 16:43:28.994 DEBUG 1255 --- [http-nio-8080-exec-2] o.s.web.servlet.DispatcherServlet        : Last-Modified value for [/favicon.ico] is: -1
2017-04-19 16:43:29.005 DEBUG 1255 --- [http-nio-8080-exec-2] o.s.web.servlet.DispatcherServlet        : Null ModelAndView returned to DispatcherServlet with name 'dispatcherServlet': assuming HandlerAdapter completed request handling
2017-04-19 16:43:29.006 DEBUG 1255 --- [http-nio-8080-exec-2] o.s.web.servlet.DispatcherServlet        : Successfully completed request
2017-04-19 20:52:43.220  INFO 1255 --- [Thread-3] ationConfigEmbeddedWebApplicationContext : Closing org.springframework.boot.context.embedded.AnnotationConfigEmbeddedWebApplicationContext@146044d7: startup date [Wed Apr 19 16:43:14 CST 2017]; root of context hierarchy
2017-04-19 20:52:43.244  INFO 1255 --- [Thread-3] o.s.j.e.a.AnnotationMBeanExporter        : Unregistering JMX-exposed beans on shutdown
